============================= test session starts =============================
platform win32 -- Python 3.13.5, pytest-9.0.2, pluggy-1.6.0 -- C:\Users\user\AppData\Local\Programs\Python\Python313\python.exe
cachedir: .pytest_cache
rootdir: C:\Users\user\projects\personal
plugins: anyio-4.12.1, langsmith-0.7.16, asyncio-1.3.0, cov-7.0.0, mock-3.15.1
asyncio: mode=Mode.STRICT, debug=False, asyncio_default_fixture_loop_scope=None, asyncio_default_test_loop_scope=function
collecting ... collected 14 items

emy/tests/test_dashboard_endpoints.py::test_dashboard_endpoint_returns_html PASSED [  7%]
emy/tests/test_dashboard_endpoints.py::test_dashboard_serves_from_templates PASSED [ 14%]
emy/tests/test_dashboard_endpoints.py::test_metrics_endpoint_returns_json PASSED [ 21%]
emy/tests/test_dashboard_endpoints.py::test_metrics_agents_structure PASSED [ 28%]
emy/tests/test_dashboard_endpoints.py::test_metrics_workflows_structure PASSED [ 35%]
emy/tests/test_dashboard_endpoints.py::test_metrics_budget_structure PASSED [ 42%]
emy/tests/test_dashboard_integration.py::test_dashboard_full_cycle PASSED [ 50%]
emy/tests/test_dashboard_integration.py::test_metrics_api_returns_all_data PASSED [ 57%]
emy/tests/test_dashboard_integration.py::test_dashboard_css_loads PASSED [ 64%]
emy/tests/test_dashboard_integration.py::test_dashboard_js_loads PASSED  [ 71%]
emy/tests/test_dashboard_integration.py::test_websocket_connection_and_message PASSED [ 78%]
emy/tests/test_dashboard_integration.py::test_all_dashboard_components_together PASSED [ 85%]
emy/tests/test_dashboard_websocket.py::test_websocket_endpoint_exists PASSED [ 92%]
emy/tests/test_dashboard_websocket.py::test_websocket_receives_messages PASSED [100%]

============================== warnings summary ===============================
..\..\AppData\Local\Programs\Python\Python313\Lib\site-packages\fastapi\applications.py:18
  C:\Users\user\AppData\Local\Programs\Python\Python313\Lib\site-packages\fastapi\applications.py:18: DeprecationWarning: 'HTTP_422_UNPROCESSABLE_ENTITY' is deprecated. Use 'HTTP_422_UNPROCESSABLE_CONTENT' instead.
    from fastapi.exception_handlers import (

..\..\AppData\Local\Programs\Python\Python313\Lib\site-packages\fastapi\applications.py:30
  C:\Users\user\AppData\Local\Programs\Python\Python313\Lib\site-packages\fastapi\applications.py:30: DeprecationWarning: 'HTTP_422_UNPROCESSABLE_ENTITY' is deprecated. Use 'HTTP_422_UNPROCESSABLE_CONTENT' instead.
    from fastapi.openapi.utils import get_openapi

emy\gateway\api.py:546
  C:\Users\user\projects\personal\emy\gateway\api.py:546: DeprecationWarning: 
          on_event is deprecated, use lifespan event handlers instead.
  
          Read more about it in the
          [FastAPI docs for Lifespan Events](https://fastapi.tiangolo.com/advanced/events/).
          
    @app.on_event('startup')

..\..\AppData\Local\Programs\Python\Python313\Lib\site-packages\fastapi\applications.py:4495
..\..\AppData\Local\Programs\Python\Python313\Lib\site-packages\fastapi\applications.py:4495
  C:\Users\user\AppData\Local\Programs\Python\Python313\Lib\site-packages\fastapi\applications.py:4495: DeprecationWarning: 
          on_event is deprecated, use lifespan event handlers instead.
  
          Read more about it in the
          [FastAPI docs for Lifespan Events](https://fastapi.tiangolo.com/advanced/events/).
          
    return self.router.on_event(event_type)

emy\gateway\api.py:560
  C:\Users\user\projects\personal\emy\gateway\api.py:560: DeprecationWarning: 
          on_event is deprecated, use lifespan event handlers instead.
  
          Read more about it in the
          [FastAPI docs for Lifespan Events](https://fastapi.tiangolo.com/advanced/events/).
          
    @app.on_event('shutdown')

emy/tests/test_dashboard_endpoints.py: 4 warnings
emy/tests/test_dashboard_integration.py: 4 warnings
emy/tests/test_dashboard_websocket.py: 2 warnings
  C:\Users\user\projects\personal\emy\core\metrics.py:86: DeprecationWarning: datetime.datetime.utcnow() is deprecated and scheduled for removal in a future version. Use timezone-aware objects to represent datetimes in UTC: datetime.datetime.now(datetime.UTC).
    last_execution=datetime.utcnow().isoformat() + "Z",

emy/tests/test_dashboard_endpoints.py: 4 warnings
emy/tests/test_dashboard_integration.py: 4 warnings
emy/tests/test_dashboard_websocket.py: 2 warnings
  C:\Users\user\projects\personal\emy\core\metrics.py:93: DeprecationWarning: datetime.datetime.utcnow() is deprecated and scheduled for removal in a future version. Use timezone-aware objects to represent datetimes in UTC: datetime.datetime.now(datetime.UTC).
    last_execution=datetime.utcnow().isoformat() + "Z",

emy/tests/test_dashboard_endpoints.py: 4 warnings
emy/tests/test_dashboard_integration.py: 4 warnings
emy/tests/test_dashboard_websocket.py: 2 warnings
  C:\Users\user\projects\personal\emy\core\metrics.py:100: DeprecationWarning: datetime.datetime.utcnow() is deprecated and scheduled for removal in a future version. Use timezone-aware objects to represent datetimes in UTC: datetime.datetime.now(datetime.UTC).
    last_execution=datetime.utcnow().isoformat() + "Z",

emy/tests/test_dashboard_endpoints.py: 4 warnings
emy/tests/test_dashboard_integration.py: 4 warnings
emy/tests/test_dashboard_websocket.py: 2 warnings
  C:\Users\user\projects\personal\emy\core\metrics.py:71: DeprecationWarning: datetime.datetime.utcnow() is deprecated and scheduled for removal in a future version. Use timezone-aware objects to represent datetimes in UTC: datetime.datetime.now(datetime.UTC).
    timestamp=datetime.utcnow().isoformat() + "Z",

emy/tests/test_dashboard_endpoints.py::test_metrics_endpoint_returns_json
emy/tests/test_dashboard_endpoints.py::test_metrics_agents_structure
emy/tests/test_dashboard_endpoints.py::test_metrics_workflows_structure
emy/tests/test_dashboard_endpoints.py::test_metrics_budget_structure
emy/tests/test_dashboard_integration.py::test_metrics_api_returns_all_data
emy/tests/test_dashboard_integration.py::test_all_dashboard_components_together
  C:\Users\user\projects\personal\emy\gateway\api.py:193: PydanticDeprecatedSince20: The `dict` method is deprecated; use `model_dump` instead. Deprecated in Pydantic V2.0 to be removed in V3.0. See Pydantic V2 Migration Guide at https://errors.pydantic.dev/2.11/migration/
    return metrics.dict()

emy/tests/test_dashboard_integration.py::test_websocket_connection_and_message
emy/tests/test_dashboard_integration.py::test_all_dashboard_components_together
emy/tests/test_dashboard_websocket.py::test_websocket_endpoint_exists
emy/tests/test_dashboard_websocket.py::test_websocket_receives_messages
  C:\Users\user\projects\personal\emy\gateway\api.py:210: DeprecationWarning: datetime.datetime.utcnow() is deprecated and scheduled for removal in a future version. Use timezone-aware objects to represent datetimes in UTC: datetime.datetime.now(datetime.UTC).
    "timestamp": datetime.utcnow().isoformat() + "Z",

-- Docs: https://docs.pytest.org/en/stable/how-to/capture-warnings.html
======================= 14 passed, 56 warnings in 2.93s =======================
